<?xml version="1.0" encoding="UTF-8"?>
<!-- Generated by org.testng.reporters.JUnitReportReporter -->
<testsuite hostname="DESKTOP-DVE9TDT" failures="0" tests="1" name="com.Bridgelabz.qa.Selenium.TestingLog4j" time="8.884" errors="0" timestamp="2023-02-17T13:30:27 IST" skipped="0">
  <testcase classname="com.Bridgelabz.qa.Selenium.TestingLog4j" name="testsLogs" time="8.884"/>
  <system-out/>
</testsuite> <!-- com.Bridgelabz.qa.Selenium.TestingLog4j -->
