<?xml version="1.0" encoding="UTF-8"?>
<!-- Generated by org.testng.reporters.JUnitReportReporter -->
<testsuite hostname="DESKTOP-DVE9TDT" failures="0" tests="1" name="Selenium__Automation.Selenium__Automation.Annotation_Test" time="0.008" errors="0" timestamp="2023-02-16T13:35:05 IST" skipped="0">
  <testcase classname="Selenium__Automation.Selenium__Automation.Annotation_Test" name="f" time="0.008"/>
  <system-out/>
</testsuite> <!-- Selenium__Automation.Selenium__Automation.Annotation_Test -->
