<?xml version="1.0" encoding="UTF-8"?>
<!-- Generated by org.testng.reporters.JUnitReportReporter -->
<testsuite hostname="DESKTOP-DVE9TDT" failures="0" tests="1" name="com.Bridgelabz.qa.Selenium.BaseClass" time="0.022" errors="0" timestamp="2023-02-17T14:06:16 IST" skipped="0">
  <testcase classname="com.Bridgelabz.qa.Selenium.BaseClass" name="baseClas" time="0.022"/>
  <system-out/>
</testsuite> <!-- com.Bridgelabz.qa.Selenium.BaseClass -->
