<?xml version="1.0" encoding="UTF-8"?>
<!-- Generated by org.testng.reporters.JUnitReportReporter -->
<testsuite hostname="DESKTOP-DVE9TDT" failures="0" tests="1" name="Selenium__Automation.Selenium__Automation.Popup_Handling_Test" time="8.266" errors="0" timestamp="2023-02-16T15:11:10 IST" skipped="0">
  <testcase classname="Selenium__Automation.Selenium__Automation.Popup_Handling_Test" name="child_Browser_Popup" time="8.266"/>
  <system-out/>
</testsuite> <!-- Selenium__Automation.Selenium__Automation.Popup_Handling_Test -->
